2014-02-24 21:54:28.666 LCC Online Phonegap Version[10459:a0b] Multi-tasking -> Device: YES, App: YES
2014-02-24 21:54:28.686 LCC Online Phonegap Version[10459:a0b] Unlimited access to network resources
2014-02-24 21:54:28.963 LCC Online Phonegap Version[10459:a0b] Resetting plugins due to page load.
2014-02-24 21:54:30.706 LCC Online Phonegap Version[10459:a0b] Finished load of: file:///Volumes/Jeff/Library/Application%20Support/iPhone%20Simulator/7.0.3/Applications/CAB6E133-DC98-400C-BA7B-A09EB5D7625E/LCC%20Online%20Phonegap%20Version.app/www/index.html
2014-02-24 21:54:45.596 LCC Online Phonegap Version[10459:a0b] Resetting plugins due to page load.
2014-02-24 21:54:46.724 LCC Online Phonegap Version[10459:a0b] Finished load of: http://lafayettecc.org/mobile/calendar.php
2014-02-24 21:55:01.519 LCC Online Phonegap Version[10459:a0b] Resetting plugins due to page load.
2014-02-24 21:55:02.010 LCC Online Phonegap Version[10459:a0b] Finished load of: http://lafayettecc.org/mobile/index.php
2014-02-24 21:55:29.825 LCC Online Phonegap Version[10459:a0b] Received memory warning.
2014-02-24 22:00:08.873 LCC Online Phonegap Version[11230:a0b] Multi-tasking -> Device: YES, App: YES
2014-02-24 22:00:08.883 LCC Online Phonegap Version[11230:a0b] Unlimited access to network resources
2014-02-24 22:00:09.017 LCC Online Phonegap Version[11230:a0b] Resetting plugins due to page load.
2014-02-24 22:00:10.395 LCC Online Phonegap Version[11230:a0b] Finished load of: file:///Volumes/Jeff/Library/Application%20Support/iPhone%20Simulator/7.0.3/Applications/CAB6E133-DC98-400C-BA7B-A09EB5D7625E/LCC%20Online%20Phonegap%20Version.app/www/index.html
2014-02-24 22:16:00.314 LCC Online Phonegap Version[12369:a0b] Multi-tasking -> Device: YES, App: YES
2014-02-24 22:16:00.328 LCC Online Phonegap Version[12369:a0b] Unlimited access to network resources
2014-02-24 22:16:00.461 LCC Online Phonegap Version[12369:a0b] Resetting plugins due to page load.
2014-02-24 22:16:02.224 LCC Online Phonegap Version[12369:a0b] Finished load of: file:///Volumes/Jeff/Library/Application%20Support/iPhone%20Simulator/7.0.3/Applications/CAB6E133-DC98-400C-BA7B-A09EB5D7625E/LCC%20Online%20Phonegap%20Version.app/www/index.html
2014-02-24 22:18:42.087 LCC Online Phonegap Version[13043:a0b] Multi-tasking -> Device: YES, App: YES
2014-02-24 22:18:42.093 LCC Online Phonegap Version[13043:a0b] Unlimited access to network resources
2014-02-24 22:18:42.178 LCC Online Phonegap Version[13043:a0b] Resetting plugins due to page load.
2014-02-24 22:18:43.482 LCC Online Phonegap Version[13043:a0b] Finished load of: file:///Volumes/Jeff/Library/Application%20Support/iPhone%20Simulator/7.0.3/Applications/CAB6E133-DC98-400C-BA7B-A09EB5D7625E/LCC%20Online%20Phonegap%20Version.app/www/index.html
2014-02-24 22:19:59.002 LCC Online Phonegap Version[13679:a0b] Multi-tasking -> Device: YES, App: YES
2014-02-24 22:19:59.009 LCC Online Phonegap Version[13679:a0b] Unlimited access to network resources
2014-02-24 22:19:59.087 LCC Online Phonegap Version[13679:a0b] Resetting plugins due to page load.
2014-02-24 22:20:00.628 LCC Online Phonegap Version[13679:a0b] Finished load of: file:///Volumes/Jeff/Library/Application%20Support/iPhone%20Simulator/7.0.3/Applications/CAB6E133-DC98-400C-BA7B-A09EB5D7625E/LCC%20Online%20Phonegap%20Version.app/www/index.html
2014-02-24 22:21:26.878 LCC Online Phonegap Version[14946:a0b] Multi-tasking -> Device: YES, App: YES
2014-02-24 22:21:26.884 LCC Online Phonegap Version[14946:a0b] Unlimited access to network resources
2014-02-24 22:21:27.015 LCC Online Phonegap Version[14946:a0b] Resetting plugins due to page load.
2014-02-24 22:21:28.200 LCC Online Phonegap Version[14946:a0b] Finished load of: file:///Volumes/Jeff/Library/Application%20Support/iPhone%20Simulator/7.0.3/Applications/CAB6E133-DC98-400C-BA7B-A09EB5D7625E/LCC%20Online%20Phonegap%20Version.app/www/index.html
2014-02-24 22:21:58.508 LCC Online Phonegap Version[15576:a0b] Multi-tasking -> Device: YES, App: YES
2014-02-24 22:21:58.514 LCC Online Phonegap Version[15576:a0b] Unlimited access to network resources
2014-02-24 22:21:58.653 LCC Online Phonegap Version[15576:a0b] Resetting plugins due to page load.
2014-02-24 22:22:00.942 LCC Online Phonegap Version[15576:a0b] Finished load of: file:///Volumes/Jeff/Library/Application%20Support/iPhone%20Simulator/7.0.3/Applications/CAB6E133-DC98-400C-BA7B-A09EB5D7625E/LCC%20Online%20Phonegap%20Version.app/www/index.html
2014-02-24 22:23:46.033 LCC Online Phonegap Version[16494:a0b] Multi-tasking -> Device: YES, App: YES
2014-02-24 22:23:46.050 LCC Online Phonegap Version[16494:a0b] Unlimited access to network resources
2014-02-24 22:23:46.194 LCC Online Phonegap Version[16494:a0b] Resetting plugins due to page load.
2014-02-24 22:23:46.470 LCC Online Phonegap Version[16494:a0b] Finished load of: file:///Volumes/Jeff/Library/Application%20Support/iPhone%20Simulator/7.0.3/Applications/89A823A3-0D56-4972-BB09-BA94150A2224/LCC%20Online%20Phonegap%20Version.app/www/index.html
2014-02-24 22:31:25.122 LCC Online Phonegap Version[17323:a0b] Multi-tasking -> Device: YES, App: YES
2014-02-24 22:31:25.130 LCC Online Phonegap Version[17323:a0b] Unlimited access to network resources
2014-02-24 22:31:25.255 LCC Online Phonegap Version[17323:a0b] Resetting plugins due to page load.
2014-02-24 22:31:25.371 LCC Online Phonegap Version[17323:a0b] Finished load of: file:///Volumes/Jeff/Library/Application%20Support/iPhone%20Simulator/7.0.3/Applications/89A823A3-0D56-4972-BB09-BA94150A2224/LCC%20Online%20Phonegap%20Version.app/www/index.html
2014-02-24 22:31:42.622 LCC Online Phonegap Version[17954:a0b] Multi-tasking -> Device: YES, App: YES
2014-02-24 22:31:42.628 LCC Online Phonegap Version[17954:a0b] Unlimited access to network resources
2014-02-24 22:31:42.709 LCC Online Phonegap Version[17954:a0b] Resetting plugins due to page load.
2014-02-24 22:31:42.822 LCC Online Phonegap Version[17954:a0b] Finished load of: file:///Volumes/Jeff/Library/Application%20Support/iPhone%20Simulator/7.0.3/Applications/89A823A3-0D56-4972-BB09-BA94150A2224/LCC%20Online%20Phonegap%20Version.app/www/index.html
2014-02-24 22:33:06.821 LCC Online Phonegap Version[18597:a0b] Multi-tasking -> Device: YES, App: YES
2014-02-24 22:33:06.833 LCC Online Phonegap Version[18597:a0b] Unlimited access to network resources
2014-02-24 22:33:06.919 LCC Online Phonegap Version[18597:a0b] Resetting plugins due to page load.
2014-02-24 22:33:07.033 LCC Online Phonegap Version[18597:a0b] Finished load of: file:///Volumes/Jeff/Library/Application%20Support/iPhone%20Simulator/7.0.3/Applications/89A823A3-0D56-4972-BB09-BA94150A2224/LCC%20Online%20Phonegap%20Version.app/www/index.html
2014-02-24 22:33:58.238 LCC Online Phonegap Version[19233:a0b] Multi-tasking -> Device: YES, App: YES
2014-02-24 22:33:58.245 LCC Online Phonegap Version[19233:a0b] Unlimited access to network resources
2014-02-24 22:33:58.345 LCC Online Phonegap Version[19233:a0b] Resetting plugins due to page load.
2014-02-24 22:33:58.453 LCC Online Phonegap Version[19233:a0b] Finished load of: file:///Volumes/Jeff/Library/Application%20Support/iPhone%20Simulator/7.0.3/Applications/89A823A3-0D56-4972-BB09-BA94150A2224/LCC%20Online%20Phonegap%20Version.app/www/index.html
2014-02-24 22:36:24.890 LCC Online Phonegap Version[19910:a0b] Multi-tasking -> Device: YES, App: YES
2014-02-24 22:36:24.900 LCC Online Phonegap Version[19910:a0b] Unlimited access to network resources
2014-02-24 22:36:24.979 LCC Online Phonegap Version[19910:a0b] Resetting plugins due to page load.
2014-02-24 22:36:25.103 LCC Online Phonegap Version[19910:a0b] Finished load of: file:///Volumes/Jeff/Library/Application%20Support/iPhone%20Simulator/7.0.3/Applications/89A823A3-0D56-4972-BB09-BA94150A2224/LCC%20Online%20Phonegap%20Version.app/www/index.html
2014-02-24 22:40:01.258 LCC Online Phonegap Version[20600:a0b] Multi-tasking -> Device: YES, App: YES
2014-02-24 22:40:01.263 LCC Online Phonegap Version[20600:a0b] Unlimited access to network resources
2014-02-24 22:40:01.427 LCC Online Phonegap Version[20600:a0b] Resetting plugins due to page load.
2014-02-24 22:40:01.565 LCC Online Phonegap Version[20600:a0b] Finished load of: file:///Volumes/Jeff/Library/Application%20Support/iPhone%20Simulator/7.0.3/Applications/89A823A3-0D56-4972-BB09-BA94150A2224/LCC%20Online%20Phonegap%20Version.app/www/index.html
2014-02-24 22:40:08.338 LCC Online Phonegap Version[20600:a0b] Resetting plugins due to page load.
2014-02-24 22:40:08.357 LCC Online Phonegap Version[20600:a0b] Failed to load webpage with error: The requested URL was not found on this server.
2014-02-24 22:40:14.738 LCC Online Phonegap Version[20600:a0b] Resetting plugins due to page load.
2014-02-24 22:40:14.746 LCC Online Phonegap Version[20600:a0b] Failed to load webpage with error: The requested URL was not found on this server.
2014-02-24 22:43:22.739 LCC Online Phonegap Version[21262:a0b] Multi-tasking -> Device: YES, App: YES
2014-02-24 22:43:22.745 LCC Online Phonegap Version[21262:a0b] Unlimited access to network resources
2014-02-24 22:43:22.885 LCC Online Phonegap Version[21262:a0b] Resetting plugins due to page load.
2014-02-24 22:43:23.030 LCC Online Phonegap Version[21262:a0b] Finished load of: file:///Volumes/Jeff/Library/Application%20Support/iPhone%20Simulator/7.0.3/Applications/89A823A3-0D56-4972-BB09-BA94150A2224/LCC%20Online%20Phonegap%20Version.app/www/index.html
2014-02-24 22:45:00.371 LCC Online Phonegap Version[21262:a0b] Resetting plugins due to page load.
2014-02-24 22:45:20.534 LCC Online Phonegap Version[21927:a0b] Multi-tasking -> Device: YES, App: YES
2014-02-24 22:45:20.542 LCC Online Phonegap Version[21927:a0b] Unlimited access to network resources
2014-02-24 22:45:20.640 LCC Online Phonegap Version[21927:a0b] Resetting plugins due to page load.
2014-02-24 22:45:20.776 LCC Online Phonegap Version[21927:a0b] Finished load of: file:///Volumes/Jeff/Library/Application%20Support/iPhone%20Simulator/7.0.3/Applications/89A823A3-0D56-4972-BB09-BA94150A2224/LCC%20Online%20Phonegap%20Version.app/www/index.html
2014-02-24 22:46:35.635 LCC Online Phonegap Version[22577:a0b] Multi-tasking -> Device: YES, App: YES
2014-02-24 22:46:35.651 LCC Online Phonegap Version[22577:a0b] Unlimited access to network resources
2014-02-24 22:46:35.749 LCC Online Phonegap Version[22577:a0b] Resetting plugins due to page load.
2014-02-24 22:46:35.873 LCC Online Phonegap Version[22577:a0b] Finished load of: file:///Volumes/Jeff/Library/Application%20Support/iPhone%20Simulator/7.0.3/Applications/89A823A3-0D56-4972-BB09-BA94150A2224/LCC%20Online%20Phonegap%20Version.app/www/index.html
2014-02-24 22:50:54.900 LCC Online Phonegap Version[23271:a0b] Multi-tasking -> Device: YES, App: YES
2014-02-24 22:50:54.907 LCC Online Phonegap Version[23271:a0b] Unlimited access to network resources
2014-02-24 22:50:54.985 LCC Online Phonegap Version[23271:a0b] Resetting plugins due to page load.
2014-02-24 22:50:55.151 LCC Online Phonegap Version[23271:a0b] Finished load of: file:///Volumes/Jeff/Library/Application%20Support/iPhone%20Simulator/7.0.3/Applications/89A823A3-0D56-4972-BB09-BA94150A2224/LCC%20Online%20Phonegap%20Version.app/www/index.html
2014-02-24 22:58:28.502 LCC Online Phonegap Version[24361:a0b] Multi-tasking -> Device: YES, App: YES
2014-02-24 22:58:28.514 LCC Online Phonegap Version[24361:a0b] Unlimited access to network resources
2014-02-24 22:58:28.638 LCC Online Phonegap Version[24361:a0b] Resetting plugins due to page load.
2014-02-24 22:58:32.320 LCC Online Phonegap Version[24361:a0b] Finished load of: file:///Volumes/Jeff/Library/Application%20Support/iPhone%20Simulator/7.0.3/Applications/89A823A3-0D56-4972-BB09-BA94150A2224/LCC%20Online%20Phonegap%20Version.app/www/index.html
2014-02-24 23:01:13.359 LCC Online Phonegap Version[25040:a0b] Multi-tasking -> Device: YES, App: YES
2014-02-24 23:01:13.365 LCC Online Phonegap Version[25040:a0b] Unlimited access to network resources
2014-02-24 23:01:13.454 LCC Online Phonegap Version[25040:a0b] Resetting plugins due to page load.
2014-02-24 23:01:17.379 LCC Online Phonegap Version[25040:a0b] Finished load of: file:///Volumes/Jeff/Library/Application%20Support/iPhone%20Simulator/7.0.3/Applications/89A823A3-0D56-4972-BB09-BA94150A2224/LCC%20Online%20Phonegap%20Version.app/www/index.html
2014-02-24 23:01:56.962 LCC Online Phonegap Version[25683:a0b] Multi-tasking -> Device: YES, App: YES
2014-02-24 23:01:56.968 LCC Online Phonegap Version[25683:a0b] Unlimited access to network resources
2014-02-24 23:01:57.071 LCC Online Phonegap Version[25683:a0b] Resetting plugins due to page load.
2014-02-24 23:01:57.178 LCC Online Phonegap Version[25683:a0b] Finished load of: file:///Volumes/Jeff/Library/Application%20Support/iPhone%20Simulator/7.0.3/Applications/89A823A3-0D56-4972-BB09-BA94150A2224/LCC%20Online%20Phonegap%20Version.app/www/index.html
2014-02-24 23:02:01.773 LCC Online Phonegap Version[25683:a0b] Resetting plugins due to page load.
2014-02-24 23:02:01.775 LCC Online Phonegap Version[25683:a0b] Failed to load webpage with error: The requested URL was not found on this server.
2014-02-24 23:02:15.735 LCC Online Phonegap Version[26324:a0b] Multi-tasking -> Device: YES, App: YES
2014-02-24 23:02:15.740 LCC Online Phonegap Version[26324:a0b] Unlimited access to network resources
2014-02-24 23:02:15.857 LCC Online Phonegap Version[26324:a0b] Resetting plugins due to page load.
2014-02-24 23:02:15.971 LCC Online Phonegap Version[26324:a0b] Finished load of: file:///Volumes/Jeff/Library/Application%20Support/iPhone%20Simulator/7.0.3/Applications/89A823A3-0D56-4972-BB09-BA94150A2224/LCC%20Online%20Phonegap%20Version.app/www/index.html
2014-02-24 23:04:29.830 LCC Online Phonegap Version[26990:a0b] Multi-tasking -> Device: YES, App: YES
2014-02-24 23:04:29.840 LCC Online Phonegap Version[26990:a0b] Unlimited access to network resources
2014-02-24 23:04:29.939 LCC Online Phonegap Version[26990:a0b] Resetting plugins due to page load.
2014-02-24 23:04:34.031 LCC Online Phonegap Version[26990:a0b] Finished load of: file:///Volumes/Jeff/Library/Application%20Support/iPhone%20Simulator/7.0.3/Applications/89A823A3-0D56-4972-BB09-BA94150A2224/LCC%20Online%20Phonegap%20Version.app/www/index.html
2014-02-24 23:08:26.142 LCC Online Phonegap Version[27671:a0b] Multi-tasking -> Device: YES, App: YES
2014-02-24 23:08:26.148 LCC Online Phonegap Version[27671:a0b] Unlimited access to network resources
2014-02-24 23:08:26.276 LCC Online Phonegap Version[27671:a0b] Resetting plugins due to page load.
2014-02-24 23:08:30.731 LCC Online Phonegap Version[27671:a0b] Finished load of: file:///Volumes/Jeff/Library/Application%20Support/iPhone%20Simulator/7.0.3/Applications/89A823A3-0D56-4972-BB09-BA94150A2224/LCC%20Online%20Phonegap%20Version.app/www/index.html
2014-02-24 23:10:03.191 LCC Online Phonegap Version[27671:a0b] Resetting plugins due to page load.
2014-02-24 23:10:21.979 LCC Online Phonegap Version[28343:a0b] Multi-tasking -> Device: YES, App: YES
2014-02-24 23:10:21.985 LCC Online Phonegap Version[28343:a0b] Unlimited access to network resources
2014-02-24 23:10:22.132 LCC Online Phonegap Version[28343:a0b] Resetting plugins due to page load.
2014-02-24 23:10:22.270 LCC Online Phonegap Version[28343:a0b] Finished load of: file:///Volumes/Jeff/Library/Application%20Support/iPhone%20Simulator/7.0.3/Applications/89A823A3-0D56-4972-BB09-BA94150A2224/LCC%20Online%20Phonegap%20Version.app/www/index.html
2014-02-24 23:12:23.020 LCC Online Phonegap Version[29024:a0b] Multi-tasking -> Device: YES, App: YES
2014-02-24 23:12:23.026 LCC Online Phonegap Version[29024:a0b] Unlimited access to network resources
2014-02-24 23:12:23.103 LCC Online Phonegap Version[29024:a0b] Resetting plugins due to page load.
2014-02-24 23:12:23.245 LCC Online Phonegap Version[29024:a0b] Finished load of: file:///Volumes/Jeff/Library/Application%20Support/iPhone%20Simulator/7.0.3/Applications/89A823A3-0D56-4972-BB09-BA94150A2224/LCC%20Online%20Phonegap%20Version.app/www/index.html
2014-02-24 23:13:22.072 LCC Online Phonegap Version[29678:a0b] Multi-tasking -> Device: YES, App: YES
2014-02-24 23:13:22.078 LCC Online Phonegap Version[29678:a0b] Unlimited access to network resources
2014-02-24 23:13:22.228 LCC Online Phonegap Version[29678:a0b] Resetting plugins due to page load.
2014-02-24 23:13:22.353 LCC Online Phonegap Version[29678:a0b] Finished load of: file:///Volumes/Jeff/Library/Application%20Support/iPhone%20Simulator/7.0.3/Applications/89A823A3-0D56-4972-BB09-BA94150A2224/LCC%20Online%20Phonegap%20Version.app/www/index.html
2014-02-24 23:13:31.318 LCC Online Phonegap Version[29678:a0b] Resetting plugins due to page load.
2014-02-24 23:13:31.325 LCC Online Phonegap Version[29678:a0b] Failed to load webpage with error: The requested URL was not found on this server.
2014-02-25 08:09:06.912 LCC Online Phonegap Version[1956:a0b] Multi-tasking -> Device: YES, App: YES
2014-02-25 08:09:06.967 LCC Online Phonegap Version[1956:a0b] Unlimited access to network resources
2014-02-25 08:09:07.477 LCC Online Phonegap Version[1956:a0b] Resetting plugins due to page load.
2014-02-25 08:09:07.748 LCC Online Phonegap Version[1956:a0b] Finished load of: file:///Volumes/Jeff/Library/Application%20Support/iPhone%20Simulator/7.0.3/Applications/FC6BC2C6-D3FD-4595-8682-59242EAE268E/LCC%20Online%20Phonegap%20Version.app/www/index.html
2014-02-25 08:09:50.086 LCC Online Phonegap Version[1956:a0b] Resetting plugins due to page load.
2014-02-25 08:09:50.089 LCC Online Phonegap Version[1956:a0b] Failed to load webpage with error: The requested URL was not found on this server.
2014-02-25 08:10:15.244 LCC Online Phonegap Version[2616:a0b] Multi-tasking -> Device: YES, App: YES
2014-02-25 08:10:15.257 LCC Online Phonegap Version[2616:a0b] Unlimited access to network resources
2014-02-25 08:10:15.720 LCC Online Phonegap Version[2616:a0b] Resetting plugins due to page load.
2014-02-25 08:10:15.950 LCC Online Phonegap Version[2616:a0b] Finished load of: file:///Volumes/Jeff/Library/Application%20Support/iPhone%20Simulator/7.0.3/Applications/FC6BC2C6-D3FD-4595-8682-59242EAE268E/LCC%20Online%20Phonegap%20Version.app/www/index.html
2014-02-25 08:13:09.880 LCC Online Phonegap Version[2616:a0b] Resetting plugins due to page load.
2014-02-25 08:13:09.901 LCC Online Phonegap Version[2616:a0b] Failed to load webpage with error: The requested URL was not found on this server.
2014-02-25 08:14:23.196 LCC Online Phonegap Version[3307:a0b] Multi-tasking -> Device: YES, App: YES
2014-02-25 08:14:23.210 LCC Online Phonegap Version[3307:a0b] Unlimited access to network resources
2014-02-25 08:14:23.394 LCC Online Phonegap Version[3307:a0b] Resetting plugins due to page load.
2014-02-25 08:14:23.657 LCC Online Phonegap Version[3307:a0b] Finished load of: file:///Volumes/Jeff/Library/Application%20Support/iPhone%20Simulator/7.0.3/Applications/FC6BC2C6-D3FD-4595-8682-59242EAE268E/LCC%20Online%20Phonegap%20Version.app/www/index.html
2014-02-25 08:38:45.308 LCC Online Phonegap Version[4102:a0b] Multi-tasking -> Device: YES, App: YES
2014-02-25 08:38:45.322 LCC Online Phonegap Version[4102:a0b] Unlimited access to network resources
2014-02-25 08:38:45.670 LCC Online Phonegap Version[4102:a0b] Resetting plugins due to page load.
2014-02-25 08:38:46.115 LCC Online Phonegap Version[4102:a0b] Finished load of: file:///Volumes/Jeff/Library/Application%20Support/iPhone%20Simulator/7.0.3/Applications/FC6BC2C6-D3FD-4595-8682-59242EAE268E/LCC%20Online%20Phonegap%20Version.app/www/index.html
2014-02-25 08:38:50.367 LCC Online Phonegap Version[4102:a0b] Resetting plugins due to page load.
2014-02-25 08:38:51.119 LCC Online Phonegap Version[4102:a0b] Finished load of: http://lafayettecc.org/lcc_live/intro
2014-02-25 08:44:38.411 LCC Online Phonegap Version[4801:a0b] Multi-tasking -> Device: YES, App: YES
2014-02-25 08:44:38.427 LCC Online Phonegap Version[4801:a0b] Unlimited access to network resources
2014-02-25 08:44:38.806 LCC Online Phonegap Version[4801:a0b] Resetting plugins due to page load.
2014-02-25 08:44:42.235 LCC Online Phonegap Version[4801:a0b] Finished load of: file:///Volumes/Jeff/Library/Application%20Support/iPhone%20Simulator/7.0.3/Applications/FC6BC2C6-D3FD-4595-8682-59242EAE268E/LCC%20Online%20Phonegap%20Version.app/www/index.html
2014-02-25 08:47:47.115 LCC Online Phonegap Version[5478:a0b] Multi-tasking -> Device: YES, App: YES
2014-02-25 08:47:47.128 LCC Online Phonegap Version[5478:a0b] Unlimited access to network resources
2014-02-25 08:47:47.633 LCC Online Phonegap Version[5478:a0b] Resetting plugins due to page load.
2014-02-25 08:47:52.426 LCC Online Phonegap Version[5478:a0b] Finished load of: file:///Volumes/Jeff/Library/Application%20Support/iPhone%20Simulator/7.0.3/Applications/FC6BC2C6-D3FD-4595-8682-59242EAE268E/LCC%20Online%20Phonegap%20Version.app/www/index.html
2014-02-25 08:51:41.812 LCC Online Phonegap Version[6162:a0b] Multi-tasking -> Device: YES, App: YES
2014-02-25 08:51:41.825 LCC Online Phonegap Version[6162:a0b] Unlimited access to network resources
2014-02-25 08:51:42.265 LCC Online Phonegap Version[6162:a0b] Resetting plugins due to page load.
2014-02-25 08:51:45.948 LCC Online Phonegap Version[6162:a0b] Finished load of: file:///Volumes/Jeff/Library/Application%20Support/iPhone%20Simulator/7.0.3/Applications/FC6BC2C6-D3FD-4595-8682-59242EAE268E/LCC%20Online%20Phonegap%20Version.app/www/index.html
2014-02-25 08:53:10.566 LCC Online Phonegap Version[6819:a0b] Multi-tasking -> Device: YES, App: YES
2014-02-25 08:53:10.578 LCC Online Phonegap Version[6819:a0b] Unlimited access to network resources
2014-02-25 08:53:10.991 LCC Online Phonegap Version[6819:a0b] Resetting plugins due to page load.
2014-02-25 08:53:14.608 LCC Online Phonegap Version[6819:a0b] Finished load of: file:///Volumes/Jeff/Library/Application%20Support/iPhone%20Simulator/7.0.3/Applications/FC6BC2C6-D3FD-4595-8682-59242EAE268E/LCC%20Online%20Phonegap%20Version.app/www/index.html
2014-02-25 08:56:33.508 LCC Online Phonegap Version[7508:a0b] Multi-tasking -> Device: YES, App: YES
2014-02-25 08:56:33.520 LCC Online Phonegap Version[7508:a0b] Unlimited access to network resources
2014-02-25 08:56:33.697 LCC Online Phonegap Version[7508:a0b] Resetting plugins due to page load.
2014-02-25 08:56:33.933 LCC Online Phonegap Version[7508:a0b] Finished load of: file:///Volumes/Jeff/Library/Application%20Support/iPhone%20Simulator/7.0.3/Applications/FC6BC2C6-D3FD-4595-8682-59242EAE268E/LCC%20Online%20Phonegap%20Version.app/www/index.html
2014-02-25 08:58:08.330 LCC Online Phonegap Version[8177:a0b] Multi-tasking -> Device: YES, App: YES
2014-02-25 08:58:08.344 LCC Online Phonegap Version[8177:a0b] Unlimited access to network resources
2014-02-25 08:58:08.700 LCC Online Phonegap Version[8177:a0b] Resetting plugins due to page load.
2014-02-25 08:58:08.859 LCC Online Phonegap Version[8177:a0b] Finished load of: file:///Volumes/Jeff/Library/Application%20Support/iPhone%20Simulator/7.0.3/Applications/FC6BC2C6-D3FD-4595-8682-59242EAE268E/LCC%20Online%20Phonegap%20Version.app/www/index.html
2014-02-25 09:17:45.445 LCC Online Phonegap Version[8958:a0b] Multi-tasking -> Device: YES, App: YES
2014-02-25 09:17:45.487 LCC Online Phonegap Version[8958:a0b] Unlimited access to network resources
2014-02-25 09:17:45.941 LCC Online Phonegap Version[8958:a0b] Resetting plugins due to page load.
2014-02-25 09:17:46.136 LCC Online Phonegap Version[8958:a0b] Finished load of: file:///Volumes/Jeff/Library/Application%20Support/iPhone%20Simulator/7.0.3/Applications/FC6BC2C6-D3FD-4595-8682-59242EAE268E/LCC%20Online%20Phonegap%20Version.app/www/index.html
2014-02-25 11:42:59.127 LCC Online Phonegap Version[10192:a0b] Multi-tasking -> Device: YES, App: YES
2014-02-25 11:42:59.149 LCC Online Phonegap Version[10192:a0b] Unlimited access to network resources
2014-02-25 11:42:59.566 LCC Online Phonegap Version[10192:a0b] Resetting plugins due to page load.
2014-02-25 11:42:59.771 LCC Online Phonegap Version[10192:a0b] Finished load of: file:///Volumes/Jeff/Library/Application%20Support/iPhone%20Simulator/7.0.3/Applications/FC6BC2C6-D3FD-4595-8682-59242EAE268E/LCC%20Online%20Phonegap%20Version.app/www/index.html
2014-02-25 11:44:22.245 LCC Online Phonegap Version[10852:a0b] Multi-tasking -> Device: YES, App: YES
2014-02-25 11:44:22.257 LCC Online Phonegap Version[10852:a0b] Unlimited access to network resources
2014-02-25 11:44:22.369 LCC Online Phonegap Version[10852:a0b] Resetting plugins due to page load.
2014-02-25 11:44:22.582 LCC Online Phonegap Version[10852:a0b] Finished load of: file:///Volumes/Jeff/Library/Application%20Support/iPhone%20Simulator/7.0.3/Applications/FC6BC2C6-D3FD-4595-8682-59242EAE268E/LCC%20Online%20Phonegap%20Version.app/www/index.html
2014-02-25 11:46:35.552 LCC Online Phonegap Version[10852:a0b] Resetting plugins due to page load.
2014-02-25 11:46:37.044 LCC Online Phonegap Version[10852:a0b] Finished load of: http://lafayettecc.org/lcc_live/?lcconlineapp&app_platform=ios
2014-02-25 11:46:41.071 LCC Online Phonegap Version[10852:a0b] Resetting plugins due to page load.
2014-02-25 11:46:42.695 LCC Online Phonegap Version[10852:a0b] Failed to load webpage with error: The operation couldn’t be completed. (NSURLErrorDomain error -999.)
2014-02-25 11:46:42.696 LCC Online Phonegap Version[10852:a0b] Resetting plugins due to page load.
2014-02-25 11:46:43.489 LCC Online Phonegap Version[10852:a0b] Finished load of: http://lafayettecc.org/give-online.html?lcconlineapp
2014-02-25 12:04:43.579 LCC Online Phonegap Version[11658:a0b] Multi-tasking -> Device: YES, App: YES
2014-02-25 12:04:43.591 LCC Online Phonegap Version[11658:a0b] Unlimited access to network resources
2014-02-25 12:04:43.722 LCC Online Phonegap Version[11658:a0b] Resetting plugins due to page load.
2014-02-25 12:04:43.968 LCC Online Phonegap Version[11658:a0b] Finished load of: file:///Volumes/Jeff/Library/Application%20Support/iPhone%20Simulator/7.0.3/Applications/FC6BC2C6-D3FD-4595-8682-59242EAE268E/LCC%20Online%20Phonegap%20Version.app/www/index.html
2014-02-25 12:04:51.411 LCC Online Phonegap Version[11658:a0b] Resetting plugins due to page load.
2014-02-25 12:04:52.637 LCC Online Phonegap Version[11658:a0b] Finished load of: http://lafayettecc.org/lcc_live/?lcconlineapp&app_platform=ios
2014-02-25 12:04:56.020 LCC Online Phonegap Version[11658:a0b] Resetting plugins due to page load.
2014-02-25 12:04:57.850 LCC Online Phonegap Version[11658:a0b] Finished load of: http://lafayettecc.org/mobile/
2014-02-25 12:04:58.170 LCC Online Phonegap Version[11658:a0b] Resetting plugins due to page load.
2014-02-25 12:04:58.721 LCC Online Phonegap Version[11658:a0b] Finished load of: http://lafayettecc.org/give-online.html?lcconlineapp
2014-02-25 12:06:17.108 LCC Online Phonegap Version[12327:a0b] Multi-tasking -> Device: YES, App: YES
2014-02-25 12:06:17.120 LCC Online Phonegap Version[12327:a0b] Unlimited access to network resources
2014-02-25 12:06:17.297 LCC Online Phonegap Version[12327:a0b] Resetting plugins due to page load.
2014-02-25 12:06:17.566 LCC Online Phonegap Version[12327:a0b] Finished load of: file:///Volumes/Jeff/Library/Application%20Support/iPhone%20Simulator/7.0.3/Applications/FC6BC2C6-D3FD-4595-8682-59242EAE268E/LCC%20Online%20Phonegap%20Version.app/www/index.html
2014-02-25 12:07:25.097 LCC Online Phonegap Version[12327:a0b] Resetting plugins due to page load.
2014-02-25 12:07:25.144 LCC Online Phonegap Version[12327:a0b] Finished load of: file:///Volumes/Jeff/Library/Application%20Support/iPhone%20Simulator/7.0.3/Applications/FC6BC2C6-D3FD-4595-8682-59242EAE268E/LCC%20Online%20Phonegap%20Version.app/www/index.html?app_platform=ios
2014-02-25 12:07:27.291 LCC Online Phonegap Version[12327:a0b] Resetting plugins due to page load.
2014-02-25 12:07:27.522 LCC Online Phonegap Version[12327:a0b] Finished load of: file:///Volumes/Jeff/Library/Application%20Support/iPhone%20Simulator/7.0.3/Applications/FC6BC2C6-D3FD-4595-8682-59242EAE268E/LCC%20Online%20Phonegap%20Version.app/www/give-online.html?lcconlineapp&app_platform=ios
2014-02-25 12:07:40.129 LCC Online Phonegap Version[12327:a0b] Resetting plugins due to page load.
2014-02-25 12:07:41.919 LCC Online Phonegap Version[12327:a0b] Finished load of: http://lafayettecc.org/mobile/index.php
2014-02-25 12:07:45.331 LCC Online Phonegap Version[12327:a0b] Resetting plugins due to page load.
2014-02-25 12:07:46.514 LCC Online Phonegap Version[12327:a0b] Finished load of: http://lafayettecc.org/mobile/calendar.php
2014-02-25 12:07:54.346 LCC Online Phonegap Version[12327:a0b] Resetting plugins due to page load.
2014-02-25 12:07:54.493 LCC Online Phonegap Version[12327:a0b] Finished load of: http://lafayettecc.org/mobile/index.php
2014-02-25 12:07:56.979 LCC Online Phonegap Version[12327:a0b] Resetting plugins due to page load.
2014-02-25 12:07:58.127 LCC Online Phonegap Version[12327:a0b] Finished load of: http://lafayettecc.org/lcc_live/?lcconlineapp
2014-02-25 12:07:59.317 LCC Online Phonegap Version[12327:a0b] Resetting plugins due to page load.
2014-02-25 12:07:59.465 LCC Online Phonegap Version[12327:a0b] Finished load of: http://lafayettecc.org/mobile/
2014-02-25 12:08:02.796 LCC Online Phonegap Version[12327:a0b] Resetting plugins due to page load.
2014-02-25 12:08:03.021 LCC Online Phonegap Version[12327:a0b] Finished load of: http://lafayettecc.org/mobile/custom_reader.php?category=news&lcconlineapp&cachebreaker=11
2014-02-25 12:08:05.137 LCC Online Phonegap Version[12327:a0b] Resetting plugins due to page load.
2014-02-25 12:08:05.254 LCC Online Phonegap Version[12327:a0b] Finished load of: http://lafayettecc.org/mobile/index.php
2014-02-25 12:08:06.571 LCC Online Phonegap Version[12327:a0b] Resetting plugins due to page load.
2014-02-25 12:08:06.783 LCC Online Phonegap Version[12327:a0b] Finished load of: http://lafayettecc.org/mobile/custom_reader.php?podcast=audio&lcconlineapp&cachebreaker=11
2014-02-25 12:08:09.130 LCC Online Phonegap Version[12327:a0b] Resetting plugins due to page load.
2014-02-25 12:08:09.237 LCC Online Phonegap Version[12327:a0b] Finished load of: http://lafayettecc.org/mobile/index.php
2014-02-25 12:08:12.596 LCC Online Phonegap Version[12327:a0b] Resetting plugins due to page load.
2014-02-25 12:08:13.241 LCC Online Phonegap Version[12327:a0b] Finished load of: http://lafayettecc.org/blogs/?lcconlineapp
2014-02-25 20:12:56.193 LCC Online Phonegap Version[14937:a0b] Multi-tasking -> Device: YES, App: YES
2014-02-25 20:12:56.293 LCC Online Phonegap Version[14937:a0b] Unlimited access to network resources
2014-02-25 20:12:57.016 LCC Online Phonegap Version[14937:a0b] Resetting plugins due to page load.
2014-02-25 20:12:57.714 LCC Online Phonegap Version[14937:a0b] Finished load of: file:///Volumes/Jeff/Library/Application%20Support/iPhone%20Simulator/7.0.3/Applications/FC6BC2C6-D3FD-4595-8682-59242EAE268E/LCC%20Online%20Phonegap%20Version.app/www/index.html
